<?xml version="1.0" encoding="UTF-8"?>
<!-- Generated by org.testng.reporters.JUnitReportReporter -->
<testsuite skipped="0" hostname="DESKTOP-C7HKO16" name="com.crm.qa.testcases.LoginPageTest" tests="3" failures="0" timestamp="27 сен 2018 06:10:54 GMT" time="21.640" errors="0">
  <testcase name="loginPageTitleTest" time="6.579" classname="com.crm.qa.testcases.LoginPageTest"/>
  <testcase name="crmLogoImageTest" time="6.659" classname="com.crm.qa.testcases.LoginPageTest"/>
  <testcase name="loginTest" time="8.402" classname="com.crm.qa.testcases.LoginPageTest"/>
</testsuite> <!-- com.crm.qa.testcases.LoginPageTest -->
