<?xml version="1.0" encoding="UTF-8"?>
<!-- Generated by org.testng.reporters.JUnitReportReporter -->
<testsuite skipped="0" hostname="DESKTOP-C7HKO16" name="com.crm.qa.testcases.LoginPageTest" tests="3" failures="0" timestamp="27 сен 2018 15:09:06 GMT" time="18.804" errors="0">
  <testcase name="loginPageTitleTest" time="4.446" classname="com.crm.qa.testcases.LoginPageTest"/>
  <testcase name="crmLogoImageTest" time="7.050" classname="com.crm.qa.testcases.LoginPageTest"/>
  <testcase name="loginTest" time="7.308" classname="com.crm.qa.testcases.LoginPageTest"/>
</testsuite> <!-- com.crm.qa.testcases.LoginPageTest -->
