<?xml version="1.0" encoding="UTF-8"?>
<!-- Generated by org.testng.reporters.JUnitReportReporter -->
<testsuite skipped="0" hostname="DESKTOP-C7HKO16" name="com.crm.qa.testcases.LoginPageTest" tests="3" failures="0" timestamp="27 Sep 2018 18:37:18 GMT" time="16.876" errors="0">
  <testcase name="loginPageTitleTest" time="4.801" classname="com.crm.qa.testcases.LoginPageTest"/>
  <testcase name="crmLogoImageTest" time="5.001" classname="com.crm.qa.testcases.LoginPageTest"/>
  <testcase name="loginTest" time="7.074" classname="com.crm.qa.testcases.LoginPageTest"/>
</testsuite> <!-- com.crm.qa.testcases.LoginPageTest -->
