<?xml version="1.0" encoding="UTF-8"?>
<!-- Generated by org.testng.reporters.JUnitReportReporter -->
<testsuite skipped="0" hostname="DESKTOP-C7HKO16" name="com.crm.qa.testcases.HomePageTest" tests="3" failures="0" timestamp="27 Sep 2018 18:37:18 GMT" time="25.620" errors="0">
  <testcase name="verifyHomePageTitleTest" time="9.952" classname="com.crm.qa.testcases.HomePageTest"/>
  <testcase name="verifyCorrectUserName" time="7.770" classname="com.crm.qa.testcases.HomePageTest"/>
  <testcase name="verifyContactsLink" time="7.898" classname="com.crm.qa.testcases.HomePageTest"/>
</testsuite> <!-- com.crm.qa.testcases.HomePageTest -->
