<?xml version="1.0" encoding="UTF-8"?>
<!-- Generated by org.testng.reporters.JUnitReportReporter -->
<testsuite skipped="0" hostname="DESKTOP-C7HKO16" name="com.crm.qa.testcases.LoginPageTest" tests="3" failures="0" timestamp="25 Sep 2018 19:06:49 GMT" time="24.754" errors="0">
  <testcase name="loginPageTitleTest" time="7.654" classname="com.crm.qa.testcases.LoginPageTest"/>
  <testcase name="crmLogoImageTest" time="6.607" classname="com.crm.qa.testcases.LoginPageTest"/>
  <testcase name="loginTest" time="10.493" classname="com.crm.qa.testcases.LoginPageTest"/>
</testsuite> <!-- com.crm.qa.testcases.LoginPageTest -->
