<?xml version="1.0" encoding="UTF-8"?>
<!-- Generated by org.testng.reporters.JUnitReportReporter -->
<testsuite skipped="0" hostname="DESKTOP-C7HKO16" name="com.crm.qa.testcases.HomePageTest" tests="3" failures="0" timestamp="27 сен 2018 15:09:06 GMT" time="29.350" errors="0">
  <testcase name="verifyHomePageTitleTest" time="9.487" classname="com.crm.qa.testcases.HomePageTest"/>
  <testcase name="verifyCorrectUserName" time="10.381" classname="com.crm.qa.testcases.HomePageTest"/>
  <testcase name="verifyContactsLink" time="9.482" classname="com.crm.qa.testcases.HomePageTest"/>
</testsuite> <!-- com.crm.qa.testcases.HomePageTest -->
