<?xml version="1.0" encoding="UTF-8"?>
<!-- Generated by org.testng.reporters.JUnitReportReporter -->
<testsuite skipped="0" hostname="DESKTOP-C7HKO16" name="com.crm.qa.testcases.HomePageTest" tests="3" failures="0" timestamp="27 сен 2018 06:10:54 GMT" time="24.761" errors="0">
  <testcase name="verifyHomePageTitleTest" time="7.428" classname="com.crm.qa.testcases.HomePageTest"/>
  <testcase name="verifyCorrectUserName" time="9.476" classname="com.crm.qa.testcases.HomePageTest"/>
  <testcase name="verifyContactsLink" time="7.857" classname="com.crm.qa.testcases.HomePageTest"/>
</testsuite> <!-- com.crm.qa.testcases.HomePageTest -->
