<?xml version="1.0" encoding="UTF-8"?>
<!-- Generated by org.testng.reporters.JUnitReportReporter -->
<testsuite skipped="0" hostname="DESKTOP-C7HKO16" name="com.crm.qa.testcases.LoginPageTest" tests="3" failures="0" timestamp="26 Sep 2018 01:19:56 GMT" time="25.673" errors="0">
  <testcase name="loginPageTitleTest" time="7.449" classname="com.crm.qa.testcases.LoginPageTest"/>
  <testcase name="crmLogoImageTest" time="6.717" classname="com.crm.qa.testcases.LoginPageTest"/>
  <testcase name="loginTest" time="11.507" classname="com.crm.qa.testcases.LoginPageTest"/>
</testsuite> <!-- com.crm.qa.testcases.LoginPageTest -->
